{"/Users/warawich/git/qorder/qr-wifi/src/App.jsx": {"path":"/Users/warawich/git/qorder/qr-wifi/src/App.jsx","statementMap":{"0":{"start":{"line":8,"column":38},"end":{"line":8,"column":50}},"1":{"start":{"line":9,"column":28},"end":{"line":9,"column":40}},"2":{"start":{"line":11,"column":25},"end":{"line":19,"column":3}},"3":{"start":{"line":12,"column":4},"end":{"line":18,"column":5}},"4":{"start":{"line":13,"column":30},"end":{"line":13,"column":56}},"5":{"start":{"line":14,"column":6},"end":{"line":14,"column":37}},"6":{"start":{"line":15,"column":6},"end":{"line":15,"column":19}},"7":{"start":{"line":17,"column":6},"end":{"line":17,"column":28}},"8":{"start":{"line":21,"column":22},"end":{"line":24,"column":3}},"9":{"start":{"line":22,"column":4},"end":{"line":22,"column":22}},"10":{"start":{"line":23,"column":4},"end":{"line":23,"column":17}},"11":{"start":{"line":26,"column":2},"end":{"line":51,"column":4}}},"fnMap":{"0":{"name":"App","decl":{"start":{"line":7,"column":9},"end":{"line":7,"column":12}},"loc":{"start":{"line":7,"column":15},"end":{"line":52,"column":1}},"line":7},"1":{"name":"(anonymous_1)","decl":{"start":{"line":11,"column":25},"end":{"line":11,"column":26}},"loc":{"start":{"line":11,"column":39},"end":{"line":19,"column":3}},"line":11},"2":{"name":"(anonymous_2)","decl":{"start":{"line":21,"column":22},"end":{"line":21,"column":23}},"loc":{"start":{"line":21,"column":28},"end":{"line":24,"column":3}},"line":21}},"branchMap":{"0":{"loc":{"start":{"line":34,"column":9},"end":{"line":38,"column":9}},"type":"binary-expr","locations":[{"start":{"line":34,"column":9},"end":{"line":34,"column":14}},{"start":{"line":35,"column":10},"end":{"line":37,"column":16}}],"line":34},"1":{"loc":{"start":{"line":40,"column":9},"end":{"line":44,"column":9}},"type":"cond-expr","locations":[{"start":{"line":41,"column":10},"end":{"line":41,"column":69}},{"start":{"line":43,"column":10},"end":{"line":43,"column":50}}],"line":40}},"s":{"0":21,"1":21,"2":21,"3":8,"4":8,"5":7,"6":7,"7":1,"8":21,"9":2,"10":2,"11":21},"f":{"0":21,"1":8,"2":2},"b":{"0":[21,1],"1":[7,14]},"_coverageSchema":"1a1c01bbd47fc00a2c39e90264f33305004495a9","hash":"c0d42a9a0567d648d0f231db753f6edb6b251f27"}
,"/Users/warawich/git/qorder/qr-wifi/src/components/QRDisplay.jsx": {"path":"/Users/warawich/git/qorder/qr-wifi/src/components/QRDisplay.jsx","statementMap":{"0":{"start":{"line":5,"column":18},"end":{"line":61,"column":1}},"1":{"start":{"line":6,"column":25},"end":{"line":28,"column":3}},"2":{"start":{"line":7,"column":16},"end":{"line":7,"column":55}},"3":{"start":{"line":8,"column":4},"end":{"line":27,"column":5}},"4":{"start":{"line":9,"column":22},"end":{"line":9,"column":64}},"5":{"start":{"line":10,"column":21},"end":{"line":10,"column":53}},"6":{"start":{"line":11,"column":18},"end":{"line":11,"column":41}},"7":{"start":{"line":12,"column":18},"end":{"line":12,"column":29}},"8":{"start":{"line":14,"column":6},"end":{"line":24,"column":8}},"9":{"start":{"line":15,"column":8},"end":{"line":15,"column":33}},"10":{"start":{"line":16,"column":8},"end":{"line":16,"column":35}},"11":{"start":{"line":17,"column":8},"end":{"line":17,"column":33}},"12":{"start":{"line":19,"column":24},"end":{"line":19,"column":53}},"13":{"start":{"line":20,"column":29},"end":{"line":20,"column":56}},"14":{"start":{"line":21,"column":8},"end":{"line":21,"column":51}},"15":{"start":{"line":22,"column":8},"end":{"line":22,"column":36}},"16":{"start":{"line":23,"column":8},"end":{"line":23,"column":29}},"17":{"start":{"line":26,"column":6},"end":{"line":26,"column":61}},"18":{"start":{"line":30,"column":2},"end":{"line":60,"column":4}},"19":{"start":{"line":63,"column":0},"end":{"line":66,"column":2}}},"fnMap":{"0":{"name":"(anonymous_0)","decl":{"start":{"line":5,"column":18},"end":{"line":5,"column":19}},"loc":{"start":{"line":5,"column":47},"end":{"line":61,"column":1}},"line":5},"1":{"name":"(anonymous_1)","decl":{"start":{"line":6,"column":25},"end":{"line":6,"column":26}},"loc":{"start":{"line":6,"column":31},"end":{"line":28,"column":3}},"line":6},"2":{"name":"(anonymous_2)","decl":{"start":{"line":14,"column":19},"end":{"line":14,"column":20}},"loc":{"start":{"line":14,"column":25},"end":{"line":24,"column":7}},"line":14}},"branchMap":{"0":{"loc":{"start":{"line":8,"column":4},"end":{"line":27,"column":5}},"type":"if","locations":[{"start":{"line":8,"column":4},"end":{"line":27,"column":5}},{"start":{},"end":{}}],"line":8}},"s":{"0":2,"1":13,"2":0,"3":0,"4":0,"5":0,"6":0,"7":0,"8":0,"9":0,"10":0,"11":0,"12":0,"13":0,"14":0,"15":0,"16":0,"17":0,"18":13,"19":2},"f":{"0":13,"1":0,"2":0},"b":{"0":[0,0]},"_coverageSchema":"1a1c01bbd47fc00a2c39e90264f33305004495a9","hash":"6167d104d5dc893353a7da51c76721dca5b0e7fe"}
,"/Users/warawich/git/qorder/qr-wifi/src/components/WiFiForm.jsx": {"path":"/Users/warawich/git/qorder/qr-wifi/src/components/WiFiForm.jsx","statementMap":{"0":{"start":{"line":4,"column":17},"end":{"line":83,"column":1}},"1":{"start":{"line":5,"column":26},"end":{"line":5,"column":38}},"2":{"start":{"line":6,"column":34},"end":{"line":6,"column":46}},"3":{"start":{"line":7,"column":34},"end":{"line":7,"column":49}},"4":{"start":{"line":8,"column":30},"end":{"line":8,"column":45}},"5":{"start":{"line":9,"column":42},"end":{"line":9,"column":57}},"6":{"start":{"line":11,"column":23},"end":{"line":14,"column":3}},"7":{"start":{"line":12,"column":4},"end":{"line":12,"column":23}},"8":{"start":{"line":13,"column":4},"end":{"line":13,"column":53}},"9":{"start":{"line":16,"column":22},"end":{"line":18,"column":3}},"10":{"start":{"line":17,"column":4},"end":{"line":17,"column":30}},"11":{"start":{"line":20,"column":2},"end":{"line":82,"column":4}},"12":{"start":{"line":28,"column":27},"end":{"line":28,"column":50}},"13":{"start":{"line":38,"column":27},"end":{"line":38,"column":54}},"14":{"start":{"line":54,"column":31},"end":{"line":54,"column":58}},"15":{"start":{"line":59,"column":29},"end":{"line":59,"column":59}},"16":{"start":{"line":72,"column":29},"end":{"line":72,"column":56}},"17":{"start":{"line":85,"column":0},"end":{"line":87,"column":2}}},"fnMap":{"0":{"name":"(anonymous_0)","decl":{"start":{"line":4,"column":17},"end":{"line":4,"column":18}},"loc":{"start":{"line":4,"column":37},"end":{"line":83,"column":1}},"line":4},"1":{"name":"(anonymous_1)","decl":{"start":{"line":11,"column":23},"end":{"line":11,"column":24}},"loc":{"start":{"line":11,"column":30},"end":{"line":14,"column":3}},"line":11},"2":{"name":"(anonymous_2)","decl":{"start":{"line":16,"column":22},"end":{"line":16,"column":23}},"loc":{"start":{"line":16,"column":28},"end":{"line":18,"column":3}},"line":16},"3":{"name":"(anonymous_3)","decl":{"start":{"line":28,"column":20},"end":{"line":28,"column":21}},"loc":{"start":{"line":28,"column":27},"end":{"line":28,"column":50}},"line":28},"4":{"name":"(anonymous_4)","decl":{"start":{"line":38,"column":20},"end":{"line":38,"column":21}},"loc":{"start":{"line":38,"column":27},"end":{"line":38,"column":54}},"line":38},"5":{"name":"(anonymous_5)","decl":{"start":{"line":54,"column":24},"end":{"line":54,"column":25}},"loc":{"start":{"line":54,"column":31},"end":{"line":54,"column":58}},"line":54},"6":{"name":"(anonymous_6)","decl":{"start":{"line":59,"column":23},"end":{"line":59,"column":24}},"loc":{"start":{"line":59,"column":29},"end":{"line":59,"column":59}},"line":59},"7":{"name":"(anonymous_7)","decl":{"start":{"line":72,"column":22},"end":{"line":72,"column":23}},"loc":{"start":{"line":72,"column":29},"end":{"line":72,"column":56}},"line":72}},"branchMap":{"0":{"loc":{"start":{"line":46,"column":7},"end":{"line":65,"column":7}},"type":"binary-expr","locations":[{"start":{"line":46,"column":7},"end":{"line":46,"column":28}},{"start":{"line":47,"column":8},"end":{"line":64,"column":14}}],"line":46},"1":{"loc":{"start":{"line":51,"column":20},"end":{"line":51,"column":54}},"type":"cond-expr","locations":[{"start":{"line":51,"column":35},"end":{"line":51,"column":41}},{"start":{"line":51,"column":44},"end":{"line":51,"column":54}}],"line":51},"2":{"loc":{"start":{"line":61,"column":15},"end":{"line":61,"column":45}},"type":"cond-expr","locations":[{"start":{"line":61,"column":30},"end":{"line":61,"column":36}},{"start":{"line":61,"column":39},"end":{"line":61,"column":45}}],"line":61}},"s":{"0":2,"1":56,"2":56,"3":56,"4":56,"5":56,"6":56,"7":10,"8":10,"9":56,"10":56,"11":56,"12":13,"13":7,"14":8,"15":4,"16":2,"17":2},"f":{"0":56,"1":10,"2":56,"3":13,"4":7,"5":8,"6":4,"7":2},"b":{"0":[56,54],"1":[2,52],"2":[2,52]},"_coverageSchema":"1a1c01bbd47fc00a2c39e90264f33305004495a9","hash":"6a5296ec0453381bd06fcdf59debd521c1def12c"}
,"/Users/warawich/git/qorder/qr-wifi/src/utils/wifiFormatter.js": {"path":"/Users/warawich/git/qorder/qr-wifi/src/utils/wifiFormatter.js","statementMap":{"0":{"start":{"line":12,"column":2},"end":{"line":14,"column":3}},"1":{"start":{"line":13,"column":4},"end":{"line":13,"column":40}},"2":{"start":{"line":17,"column":23},"end":{"line":17,"column":40}},"3":{"start":{"line":20,"column":29},"end":{"line":23,"column":3}},"4":{"start":{"line":21,"column":4},"end":{"line":21,"column":25}},"5":{"start":{"line":21,"column":14},"end":{"line":21,"column":25}},"6":{"start":{"line":22,"column":4},"end":{"line":22,"column":101}},"7":{"start":{"line":25,"column":22},"end":{"line":25,"column":46}},"8":{"start":{"line":26,"column":26},"end":{"line":26,"column":54}},"9":{"start":{"line":29,"column":19},"end":{"line":29,"column":61}},"10":{"start":{"line":32,"column":2},"end":{"line":36,"column":3}},"11":{"start":{"line":34,"column":26},"end":{"line":34,"column":47}},"12":{"start":{"line":35,"column":4},"end":{"line":35,"column":40}},"13":{"start":{"line":39,"column":2},"end":{"line":41,"column":3}},"14":{"start":{"line":40,"column":4},"end":{"line":40,"column":28}},"15":{"start":{"line":44,"column":2},"end":{"line":44,"column":20}},"16":{"start":{"line":46,"column":2},"end":{"line":46,"column":20}}},"fnMap":{"0":{"name":"formatWifiString","decl":{"start":{"line":10,"column":16},"end":{"line":10,"column":32}},"loc":{"start":{"line":10,"column":71},"end":{"line":47,"column":1}},"line":10},"1":{"name":"(anonymous_1)","decl":{"start":{"line":20,"column":29},"end":{"line":20,"column":30}},"loc":{"start":{"line":20,"column":38},"end":{"line":23,"column":3}},"line":20}},"branchMap":{"0":{"loc":{"start":{"line":12,"column":2},"end":{"line":14,"column":3}},"type":"if","locations":[{"start":{"line":12,"column":2},"end":{"line":14,"column":3}},{"start":{},"end":{}}],"line":12},"1":{"loc":{"start":{"line":17,"column":23},"end":{"line":17,"column":40}},"type":"binary-expr","locations":[{"start":{"line":17,"column":23},"end":{"line":17,"column":31}},{"start":{"line":17,"column":35},"end":{"line":17,"column":40}}],"line":17},"2":{"loc":{"start":{"line":21,"column":4},"end":{"line":21,"column":25}},"type":"if","locations":[{"start":{"line":21,"column":4},"end":{"line":21,"column":25}},{"start":{},"end":{}}],"line":21},"3":{"loc":{"start":{"line":32,"column":2},"end":{"line":36,"column":3}},"type":"if","locations":[{"start":{"line":32,"column":2},"end":{"line":36,"column":3}},{"start":{},"end":{}}],"line":32},"4":{"loc":{"start":{"line":34,"column":26},"end":{"line":34,"column":47}},"type":"binary-expr","locations":[{"start":{"line":34,"column":26},"end":{"line":34,"column":41}},{"start":{"line":34,"column":45},"end":{"line":34,"column":47}}],"line":34},"5":{"loc":{"start":{"line":39,"column":2},"end":{"line":41,"column":3}},"type":"if","locations":[{"start":{"line":39,"column":2},"end":{"line":41,"column":3}},{"start":{},"end":{}}],"line":39}},"s":{"0":10,"1":1,"2":9,"3":9,"4":18,"5":3,"6":15,"7":9,"8":9,"9":9,"10":9,"11":8,"12":8,"13":9,"14":1,"15":9,"16":9},"f":{"0":10,"1":18},"b":{"0":[1,9],"1":[9,1],"2":[3,15],"3":[8,1],"4":[8,2],"5":[1,8]},"_coverageSchema":"1a1c01bbd47fc00a2c39e90264f33305004495a9","hash":"efd784195f8ae46282ac3de5b522d7c654f7c43d"}
}
