TN:
SF:src/App.jsx
FN:7,App
FN:11,(anonymous_1)
FN:21,(anonymous_2)
FNF:3
FNH:3
FNDA:21,App
FNDA:8,(anonymous_1)
FNDA:2,(anonymous_2)
DA:8,21
DA:9,21
DA:11,21
DA:12,8
DA:13,8
DA:14,7
DA:15,7
DA:17,1
DA:21,21
DA:22,2
DA:23,2
DA:26,21
LF:12
LH:12
BRDA:34,0,0,21
BRDA:34,0,1,1
BRDA:40,1,0,7
BRDA:40,1,1,14
BRF:4
BRH:4
end_of_record
TN:
SF:src/components/QRDisplay.jsx
FN:5,(anonymous_0)
FN:6,(anonymous_1)
FN:14,(anonymous_2)
FNF:3
FNH:1
FNDA:13,(anonymous_0)
FNDA:0,(anonymous_1)
FNDA:0,(anonymous_2)
DA:5,2
DA:6,13
DA:7,0
DA:8,0
DA:9,0
DA:10,0
DA:11,0
DA:12,0
DA:14,0
DA:15,0
DA:16,0
DA:17,0
DA:19,0
DA:20,0
DA:21,0
DA:22,0
DA:23,0
DA:26,0
DA:30,13
DA:63,2
LF:20
LH:4
BRDA:8,0,0,0
BRDA:8,0,1,0
BRF:2
BRH:0
end_of_record
TN:
SF:src/components/WiFiForm.jsx
FN:4,(anonymous_0)
FN:11,(anonymous_1)
FN:16,(anonymous_2)
FN:28,(anonymous_3)
FN:38,(anonymous_4)
FN:54,(anonymous_5)
FN:59,(anonymous_6)
FN:72,(anonymous_7)
FNF:8
FNH:8
FNDA:56,(anonymous_0)
FNDA:10,(anonymous_1)
FNDA:56,(anonymous_2)
FNDA:13,(anonymous_3)
FNDA:7,(anonymous_4)
FNDA:8,(anonymous_5)
FNDA:4,(anonymous_6)
FNDA:2,(anonymous_7)
DA:4,2
DA:5,56
DA:6,56
DA:7,56
DA:8,56
DA:9,56
DA:11,56
DA:12,10
DA:13,10
DA:16,56
DA:17,56
DA:20,56
DA:28,13
DA:38,7
DA:54,8
DA:59,4
DA:72,2
DA:85,2
LF:18
LH:18
BRDA:46,0,0,56
BRDA:46,0,1,54
BRDA:51,1,0,2
BRDA:51,1,1,52
BRDA:61,2,0,2
BRDA:61,2,1,52
BRF:6
BRH:6
end_of_record
TN:
SF:src/utils/wifiFormatter.js
FN:10,formatWifiString
FN:20,(anonymous_1)
FNF:2
FNH:2
FNDA:10,formatWifiString
FNDA:18,(anonymous_1)
DA:12,10
DA:13,1
DA:17,9
DA:20,9
DA:21,18
DA:22,15
DA:25,9
DA:26,9
DA:29,9
DA:32,9
DA:34,8
DA:35,8
DA:39,9
DA:40,1
DA:44,9
DA:46,9
LF:16
LH:16
BRDA:12,0,0,1
BRDA:12,0,1,9
BRDA:17,1,0,9
BRDA:17,1,1,1
BRDA:21,2,0,3
BRDA:21,2,1,15
BRDA:32,3,0,8
BRDA:32,3,1,1
BRDA:34,4,0,8
BRDA:34,4,1,2
BRDA:39,5,0,1
BRDA:39,5,1,8
BRF:12
BRH:12
end_of_record
